# do {pcpu_top_tb_compile.do}
# Model Technology ModelSim PE vmap 10.4c Lib Mapping Utility 2015.07 Jul 20 2015
# vmap xil_defaultlib msim/xil_defaultlib 
# Modifying modelsim.ini
# Model Technology ModelSim PE vmap 10.4c Lib Mapping Utility 2015.07 Jul 20 2015
# vmap dist_mem_gen_v8_0_10 msim/dist_mem_gen_v8_0_10 
# Modifying modelsim.ini
# ** Warning: (vlog-159) Mode option -64 is not supported in this context and will be ignored.
# 
# Model Technology ModelSim PE vlog 10.4c Compiler 2015.07 Jul 20 2015
# Start time: 15:18:15 on Dec 17,2021
# vlog -64 -incr -work xil_defaultlib ../../../Dynamic_Pipeline_CPU.srcs/sources_1/new/luislt.v ../../../Dynamic_Pipeline_CPU.srcs/sources_1/new/adder.v ../../../Dynamic_Pipeline_CPU.srcs/sources_1/new/regfile.v ../../../Dynamic_Pipeline_CPU.srcs/sources_1/new/mul.v ../../../Dynamic_Pipeline_CPU.srcs/sources_1/new/mux.v ../../../Dynamic_Pipeline_CPU.srcs/sources_1/new/pc.v ../../../Dynamic_Pipeline_CPU.srcs/sources_1/new/Pipe_MEM_WB.v ../../../Dynamic_Pipeline_CPU.srcs/sources_1/new/Pipe_IF_ID.v ../../../Dynamic_Pipeline_CPU.srcs/sources_1/new/Pipe_ID_EXE.v ../../../Dynamic_Pipeline_CPU.srcs/sources_1/new/Pipe_EXE_MEM.v ../../../Dynamic_Pipeline_CPU.srcs/sources_1/new/dmem.v ../../../Dynamic_Pipeline_CPU.srcs/sources_1/new/control.v ../../../Dynamic_Pipeline_CPU.srcs/sources_1/new/conflict.v ../../../Dynamic_Pipeline_CPU.srcs/sources_1/new/alu.v ../../../Dynamic_Pipeline_CPU.srcs/sources_1/new/pcpu.v 
# -- Compiling module luislt
# -- Compiling module cla4
# -- Compiling module add1
# -- Compiling module add4
# -- Compiling module add16
# -- Compiling module add32
# -- Compiling module neg32
# -- Compiling module adder
# -- Compiling module regfile
# -- Compiling module mul
# -- Compiling module mux
# -- Compiling module PC
# -- Compiling module Pipe_MEM_WB
# -- Compiling module Pipe_IF_ID
# -- Compiling module Pipe_ID_EXE
# -- Compiling module Pipe_EXE_MEM
# -- Compiling module dmem
# -- Compiling module control
# -- Compiling module conflict
# -- Compiling module alu
# -- Compiling module pcpu
# 
# Top level modules:
# 	pcpu
# End time: 15:18:15 on Dec 17,2021, Elapsed time: 0:00:00
# Errors: 0, Warnings: 1
# ** Warning: (vlog-159) Mode option -64 is not supported in this context and will be ignored.
# 
# Model Technology ModelSim PE vlog 10.4c Compiler 2015.07 Jul 20 2015
# Start time: 15:18:15 on Dec 17,2021
# vlog -64 -incr -work dist_mem_gen_v8_0_10 ../../../Dynamic_Pipeline_CPU.ip_user_files/ipstatic/dist_mem_gen_v8_0_10/simulation/dist_mem_gen_v8_0.v 
# -- Compiling module dist_mem_gen_v8_0_10
# 
# Top level modules:
# 	dist_mem_gen_v8_0_10
# End time: 15:18:15 on Dec 17,2021, Elapsed time: 0:00:00
# Errors: 0, Warnings: 1
# ** Warning: (vlog-159) Mode option -64 is not supported in this context and will be ignored.
# 
# Model Technology ModelSim PE vlog 10.4c Compiler 2015.07 Jul 20 2015
# Start time: 15:18:15 on Dec 17,2021
# vlog -64 -incr -work xil_defaultlib ../../../Dynamic_Pipeline_CPU.srcs/sources_1/ip/imem/sim/imem.v ../../../Dynamic_Pipeline_CPU.srcs/sources_1/new/pcpu_top.v ../../../Dynamic_Pipeline_CPU.srcs/sources_1/new/pcpu_top_tb.v 
# -- Compiling module imem
# -- Compiling module pcpu_top
# -- Compiling module pcpu_top_tb
# 
# Top level modules:
# 	pcpu_top_tb
# End time: 15:18:15 on Dec 17,2021, Elapsed time: 0:00:00
# Errors: 0, Warnings: 1
# Model Technology ModelSim PE vlog 10.4c Compiler 2015.07 Jul 20 2015
# Start time: 15:18:15 on Dec 17,2021
# vlog -work xil_defaultlib glbl.v 
# -- Compiling module glbl
# 
# Top level modules:
# 	glbl
# End time: 15:18:15 on Dec 17,2021, Elapsed time: 0:00:00
# Errors: 0, Warnings: 0
